2018-01-06 18:40:38,200 [INFO] from application in play-dev-mode-akka.actor.default-dispatcher-2 - Creating Pool for datasource 'default'
2018-01-06 18:40:42,788 [INFO] from play.api.db.DefaultDBApi in play-dev-mode-akka.actor.default-dispatcher-2 - Database [default] connected at jdbc:h2:file:./database
2018-01-06 18:40:57,775 [INFO] from application in play-dev-mode-akka.actor.default-dispatcher-2 - ApplicationTimer demo: Starting application at 2018-01-06T15:40:57.774Z
2018-01-06 18:41:01,436 [WARN] from org.hibernate.validator.messageinterpolation.ParameterMessageInterpolator in play-dev-mode-akka.actor.default-dispatcher-2 - HV000184: ParameterMessageInterpolator has been chosen, EL interpolation will not be supported
2018-01-06 18:41:01,798 [WARN] from application in play-dev-mode-akka.actor.default-dispatcher-2 - Using the following cache for assets configuration:
	 enabledCaching = false
	 enabledCacheControl = false
	 defaultCacheControl = public, max-age=3600
	 aggressiveCacheControl = public, max-age=31536000, immutable
	 configuredCacheControl:


2018-01-06 18:41:01,962 [INFO] from play.api.http.EnabledFilters in play-dev-mode-akka.actor.default-dispatcher-2 - Enabled Filters (see <https://www.playframework.com/documentation/latest/Filters>):

    play.filters.cors.CORSFilter

2018-01-06 18:41:02,178 [INFO] from play.api.Play in play-dev-mode-akka.actor.default-dispatcher-2 - Application started (Dev)
2018-01-06 18:41:07,930 [ERROR] from application in play-dev-mode-akka.actor.default-dispatcher-2 - 

! @76h1kkkmb - Internal server error, for (GET) [/result/3] ->
 
play.api.http.HttpErrorHandlerExceptions$$anon$1: Execution exception[[NumberFormatException: null]]
	at play.api.http.HttpErrorHandlerExceptions$.throwableToUsefulException(HttpErrorHandler.scala:255)
	at play.api.http.DefaultHttpErrorHandler.onServerError(HttpErrorHandler.scala:182)
	at play.core.server.AkkaHttpServer$$anonfun$$nestedInanonfun$executeHandler$1$1.applyOrElse(AkkaHttpServer.scala:252)
	at play.core.server.AkkaHttpServer$$anonfun$$nestedInanonfun$executeHandler$1$1.applyOrElse(AkkaHttpServer.scala:251)
	at scala.concurrent.Future.$anonfun$recoverWith$1(Future.scala:412)
	at scala.concurrent.impl.Promise.$anonfun$transformWith$1(Promise.scala:37)
	at scala.concurrent.impl.CallbackRunnable.run(Promise.scala:60)
	at play.api.libs.streams.Execution$trampoline$.execute(Execution.scala:70)
	at scala.concurrent.impl.CallbackRunnable.executeWithValue(Promise.scala:68)
	at scala.concurrent.impl.Promise$DefaultPromise.dispatchOrAddCallback(Promise.scala:312)
	at scala.concurrent.impl.Promise$DefaultPromise.onComplete(Promise.scala:303)
	at scala.concurrent.impl.Promise.transformWith(Promise.scala:36)
	at scala.concurrent.impl.Promise.transformWith$(Promise.scala:34)
	at scala.concurrent.impl.Promise$DefaultPromise.transformWith(Promise.scala:183)
	at scala.concurrent.Future.recoverWith(Future.scala:411)
	at scala.concurrent.Future.recoverWith$(Future.scala:410)
	at scala.concurrent.impl.Promise$DefaultPromise.recoverWith(Promise.scala:183)
	at play.api.libs.streams.StrictAccumulator.$anonfun$recoverWith$3(Accumulator.scala:194)
	at scala.Function1.$anonfun$andThen$1(Function1.scala:52)
	at play.api.libs.streams.StrictAccumulator.run(Accumulator.scala:207)
	at play.core.server.AkkaHttpServer.executeAction(AkkaHttpServer.scala:298)
	at play.core.server.AkkaHttpServer.executeHandler(AkkaHttpServer.scala:255)
	at play.core.server.AkkaHttpServer.handleRequest(AkkaHttpServer.scala:201)
	at play.core.server.AkkaHttpServer.$anonfun$createServerBinding$1(AkkaHttpServer.scala:107)
	at akka.stream.impl.fusing.MapAsync$$anon$24.onPush(Ops.scala:1191)
	at akka.stream.impl.fusing.GraphInterpreter.processPush(GraphInterpreter.scala:512)
	at akka.stream.impl.fusing.GraphInterpreter.processEvent(GraphInterpreter.scala:475)
	at akka.stream.impl.fusing.GraphInterpreter.execute(GraphInterpreter.scala:371)
	at akka.stream.impl.fusing.GraphInterpreterShell.runBatch(ActorGraphInterpreter.scala:584)
	at akka.stream.impl.fusing.GraphInterpreterShell$AsyncInput.execute(ActorGraphInterpreter.scala:468)
	at akka.stream.impl.fusing.GraphInterpreterShell.processEvent(ActorGraphInterpreter.scala:559)
	at akka.stream.impl.fusing.ActorGraphInterpreter.akka$stream$impl$fusing$ActorGraphInterpreter$$processEvent(ActorGraphInterpreter.scala:741)
	at akka.stream.impl.fusing.ActorGraphInterpreter$$anonfun$receive$1.applyOrElse(ActorGraphInterpreter.scala:756)
	at akka.actor.Actor.aroundReceive(Actor.scala:517)
	at akka.actor.Actor.aroundReceive$(Actor.scala:515)
	at akka.stream.impl.fusing.ActorGraphInterpreter.aroundReceive(ActorGraphInterpreter.scala:666)
	at akka.actor.ActorCell.receiveMessage(ActorCell.scala:527)
	at akka.actor.ActorCell.invoke(ActorCell.scala:496)
	at akka.dispatch.Mailbox.processMailbox(Mailbox.scala:257)
	at akka.dispatch.Mailbox.run(Mailbox.scala:224)
	at akka.dispatch.Mailbox.exec(Mailbox.scala:234)
	at akka.dispatch.forkjoin.ForkJoinTask.doExec(ForkJoinTask.java:260)
	at akka.dispatch.forkjoin.ForkJoinPool$WorkQueue.runTask(ForkJoinPool.java:1339)
	at akka.dispatch.forkjoin.ForkJoinPool.runWorker(ForkJoinPool.java:1979)
	at akka.dispatch.forkjoin.ForkJoinWorkerThread.run(ForkJoinWorkerThread.java:107)
Caused by: java.lang.NumberFormatException: null
	at java.lang.Integer.parseInt(Integer.java:542)
	at java.lang.Integer.parseInt(Integer.java:615)
	at controllers.TestController.calculateCurrentSuccessRate(TestController.java:107)
	at controllers.TestController.showResult(TestController.java:77)
	at router.Routes$$anonfun$routes$1.$anonfun$applyOrElse$24(Routes.scala:457)
	at play.core.routing.HandlerInvokerFactory$$anon$3.resultCall(HandlerInvoker.scala:134)
	at play.core.routing.HandlerInvokerFactory$$anon$3.resultCall(HandlerInvoker.scala:133)
	at play.core.routing.HandlerInvokerFactory$JavaActionInvokerFactory$$anon$8$$anon$2$$anon$1.invocation(HandlerInvoker.scala:108)
	at play.core.j.JavaAction$$anon$1.call(JavaAction.scala:82)
	at play.http.DefaultActionCreator$1.call(DefaultActionCreator.java:31)
	at play.core.j.JavaAction.$anonfun$apply$8(JavaAction.scala:132)
	at scala.concurrent.Future$.$anonfun$apply$1(Future.scala:653)
	at scala.util.Success.$anonfun$map$1(Try.scala:251)
	at scala.util.Success.map(Try.scala:209)
	at scala.concurrent.Future.$anonfun$map$1(Future.scala:287)
	at scala.concurrent.impl.Promise.liftedTree1$1(Promise.scala:29)
	at scala.concurrent.impl.Promise.$anonfun$transform$1(Promise.scala:29)
	at scala.concurrent.impl.CallbackRunnable.run(Promise.scala:60)
	at play.core.j.HttpExecutionContext$$anon$2.run(HttpExecutionContext.scala:56)
	at play.api.libs.streams.Execution$trampoline$.execute(Execution.scala:70)
	at play.core.j.HttpExecutionContext.execute(HttpExecutionContext.scala:48)
	at scala.concurrent.impl.CallbackRunnable.executeWithValue(Promise.scala:68)
	at scala.concurrent.impl.Promise$KeptPromise$Kept.onComplete(Promise.scala:368)
	at scala.concurrent.impl.Promise$KeptPromise$Kept.onComplete$(Promise.scala:367)
	at scala.concurrent.impl.Promise$KeptPromise$Successful.onComplete(Promise.scala:375)
	at scala.concurrent.impl.Promise.transform(Promise.scala:29)
	at scala.concurrent.impl.Promise.transform$(Promise.scala:27)
	at scala.concurrent.impl.Promise$KeptPromise$Successful.transform(Promise.scala:375)
	at scala.concurrent.Future.map(Future.scala:287)
	at scala.concurrent.Future.map$(Future.scala:287)
	at scala.concurrent.impl.Promise$KeptPromise$Successful.map(Promise.scala:375)
	at scala.concurrent.Future$.apply(Future.scala:653)
	at play.core.j.JavaAction.apply(JavaAction.scala:132)
	at play.api.mvc.Action.$anonfun$apply$2(Action.scala:96)
	at play.api.libs.streams.StrictAccumulator.$anonfun$mapFuture$4(Accumulator.scala:174)
	at scala.util.Try$.apply(Try.scala:209)
	at play.api.libs.streams.StrictAccumulator.$anonfun$mapFuture$3(Accumulator.scala:174)
	at scala.Function1.$anonfun$andThen$1(Function1.scala:52)
	at scala.Function1.$anonfun$andThen$1(Function1.scala:52)
	at scala.Function1.$anonfun$andThen$1(Function1.scala:52)
	... 27 common frames omitted
